<?xml version="1.0" encoding="UTF-8"?>
<!-- Generated by org.testng.reporters.JUnitReportReporter -->
<testsuite skipped="0" hostname="FXP-LAPTOP-032" name="JavaStreams" tests="1" failures="0" timestamp="2022-05-24T12:12:26 CEST" time="0.017" errors="0">
  <testcase name="streamCollect" time="0.017" classname="JavaStreams"/>
  <system-out/>
</testsuite> <!-- JavaStreams -->
